<?xml version="1.0" encoding="UTF-8"?>
<testsuite xmlns:xsi="http://www.w3.org/2001/XMLSchema-instance" xsi:noNamespaceSchemaLocation="https://maven.apache.org/surefire/maven-surefire-plugin/xsd/surefire-test-report.xsd" name="com.filename.validator.process.FileNameValidatorTest" time="0.156" tests="6" errors="0" skipped="0" failures="0">
  <properties>
[...]
</properties>
  <testcase name="validateFileName_DateFormat_Test" classname="com.filename.validator.process.FileNameValidatorTest" time="0.101"/>
  <testcase name="validateFileName_Failed_Test" classname="com.filename.validator.process.FileNameValidatorTest" time="0"/>
  <testcase name="validateFileName_FileFormat_Test" classname="com.filename.validator.process.FileNameValidatorTest" time="0"/>
  <testcase name="validateFileName_Prefix_Test" classname="com.filename.validator.process.FileNameValidatorTest" time="0"/>
  <testcase name="validateFileName_PortfolioCode_Test" classname="com.filename.validator.process.FileNameValidatorTest" time="0"/>
  <testcase name="validateFileName_Passed_Test" classname="com.filename.validator.process.FileNameValidatorTest" time="0"/>
</testsuite>